<?xml version="1.0" encoding="UTF-8"?><testsuite errors="0" failures="0" name="com.studentapp.junit.studentsinfo.TagsTest" skipped="0" tests="2" time="2.7" timestamp="2020-08-07 11:14:18"><testcase classname="com.studentapp.junit.studentsinfo.TagsTest" name="This test will provide an error code of 400 when user tries to access an invalid resource"/><testcase classname="com.studentapp.junit.studentsinfo.TagsTest" name="This test will verify if a status code of 200 is returned for GET request"/></testsuite>